
Arrancando el informe ENTRADA [Wed Apr 18 10:49:14 2018] ...
Fin del informe ENTRADA [Wed Apr 18 10:49:20 2018].

Arrancando el informe SALIDA [Wed Apr 18 10:51:22 2018] ...
Fin del informe SALIDA [Wed Apr 18 10:51:26 2018].

Arrancando el informe SALIDA [Wed Apr 18 10:55:00 2018] ...
Fin del informe SALIDA [Wed Apr 18 10:55:04 2018].

Arrancando el informe REPORTES_CIERRES [Fri Apr 20 19:24:41 2018] ...
Fin del informe REPORTES_CIERRES [Fri Apr 20 19:24:53 2018].

Error al enviar el informe [Wed Apr 25 15:36:57 2018] ...
REP-0159: Error de sintaxis en la lÌnea de comandos.

Arrancando el informe MEDIOS_ACTUALES [Wed Apr 25 15:37:02 2018] ...
REP-0110: No se puede abrir el fichero 'C:\Parqueo\MEDIOS_ACTUALES.RDF'.
REP-1070: Error al abrir o guardar un documento.
REP-0110: No se puede abrir el fichero 'C:\Parqueo\MEDIOS_ACTUALES.RDF'.
Fin del informe MEDIOS_ACTUALES [Wed Apr 25 15:37:03 2018].

Arrancando el informe CIERRE [Wed Apr 25 15:37:06 2018] ...
REP-0110: No se puede abrir el fichero 'C:\Parqueo\CIERRE.RDF'.
REP-1070: Error al abrir o guardar un documento.
REP-0110: No se puede abrir el fichero 'C:\Parqueo\CIERRE.RDF'.
Fin del informe CIERRE [Wed Apr 25 15:37:06 2018].

Arrancando el informe MEDIOS_ACTUALES [Wed Apr 25 15:39:23 2018] ...
REP-0110: No se puede abrir el fichero 'C:\Parqueo\MEDIOS_ACTUALES.RDF'.
REP-1070: Error al abrir o guardar un documento.
REP-0110: No se puede abrir el fichero 'C:\Parqueo\MEDIOS_ACTUALES.RDF'.
Fin del informe MEDIOS_ACTUALES [Wed Apr 25 15:39:23 2018].

Arrancando el informe MEDIOS_ACTUALES [Wed Apr 25 15:39:30 2018] ...
REP-0110: No se puede abrir el fichero 'C:\Parqueo\MEDIOS_ACTUALES.RDF'.
REP-1070: Error al abrir o guardar un documento.
REP-0110: No se puede abrir el fichero 'C:\Parqueo\MEDIOS_ACTUALES.RDF'.
Fin del informe MEDIOS_ACTUALES [Wed Apr 25 15:39:31 2018].

Arrancando el informe MEDIOS_ACTUALES [Wed Apr 25 15:41:12 2018] ...
REP-0110: No se puede abrir el fichero 'C:\Parqueo\MEDIOS_ACTUALES.RDF'.
REP-1070: Error al abrir o guardar un documento.
REP-0110: No se puede abrir el fichero 'C:\Parqueo\MEDIOS_ACTUALES.RDF'.
Fin del informe MEDIOS_ACTUALES [Wed Apr 25 15:41:12 2018].

Arrancando el informe MEDIOS_ACTUALES [Wed Apr 25 15:41:17 2018] ...
REP-0110: No se puede abrir el fichero 'C:\Parqueo\MEDIOS_ACTUALES.RDF'.
REP-1070: Error al abrir o guardar un documento.
REP-0110: No se puede abrir el fichero 'C:\Parqueo\MEDIOS_ACTUALES.RDF'.
Fin del informe MEDIOS_ACTUALES [Wed Apr 25 15:41:17 2018].

Arrancando el informe MEDIOS_ACTUALES [Wed Apr 25 15:41:34 2018] ...
REP-0110: No se puede abrir el fichero 'C:\Parqueo\MEDIOS_ACTUALES.RDF'.
REP-1070: Error al abrir o guardar un documento.
REP-0110: No se puede abrir el fichero 'C:\Parqueo\MEDIOS_ACTUALES.RDF'.
Fin del informe MEDIOS_ACTUALES [Wed Apr 25 15:41:34 2018].

Arrancando el informe MEDIOS_ACTUALES [Wed Apr 25 15:46:12 2018] ...
Fin del informe MEDIOS_ACTUALES [Wed Apr 25 15:46:17 2018].

Arrancando el informe MEDIOS_ACTUALES [Wed Apr 25 15:46:21 2018] ...
REP-0099: Informe abortado a peticiÛn del usuario.
REP-0098: Informe no ejecutado - cancelado por el usuario en la pantalla de par·metros.
Fin del informe MEDIOS_ACTUALES [Wed Apr 25 15:46:46 2018].

Arrancando el informe MEDIOS_ACTUALES [Wed Apr 25 15:48:50 2018] ...
Fin del informe MEDIOS_ACTUALES [Wed Apr 25 15:48:55 2018].

Arrancando el informe MEDIOS_ACTUALES [Wed Apr 25 15:49:07 2018] ...
Fin del informe MEDIOS_ACTUALES [Wed Apr 25 15:49:12 2018].

Arrancando el informe MEDIOS_ACTUALES [Wed Apr 25 15:49:45 2018] ...
Fin del informe MEDIOS_ACTUALES [Wed Apr 25 15:49:50 2018].

Arrancando el informe MEDIOS_ACTUALES [Wed Apr 25 15:49:53 2018] ...
Fin del informe MEDIOS_ACTUALES [Wed Apr 25 15:49:58 2018].

Arrancando el informe MEDIOS_ACTUALES [Wed Apr 25 15:50:01 2018] ...
Fin del informe MEDIOS_ACTUALES [Wed Apr 25 15:50:06 2018].

Error al enviar el informe [Wed Apr 25 15:53:06 2018] ...
REP-0159: Error de sintaxis en la lÌnea de comandos.

Error al enviar el informe [Wed Apr 25 15:53:14 2018] ...
REP-0159: Error de sintaxis en la lÌnea de comandos.

Arrancando el informe MEDIOS_ACTUALES [Wed Apr 25 15:53:45 2018] ...
Fin del informe MEDIOS_ACTUALES [Wed Apr 25 15:53:50 2018].

Arrancando el informe MEDIOS_ACTUALES [Wed Apr 25 15:54:25 2018] ...
Fin del informe MEDIOS_ACTUALES [Wed Apr 25 15:54:30 2018].

Arrancando el informe MEDIOS_ACTUALES [Wed Apr 25 15:54:44 2018] ...
Fin del informe MEDIOS_ACTUALES [Wed Apr 25 15:54:49 2018].

Arrancando el informe MEDIOS_ACTUALES [Wed Apr 25 15:55:25 2018] ...
Fin del informe MEDIOS_ACTUALES [Wed Apr 25 15:55:30 2018].

Arrancando el informe MEDIOS_ACTUALES [Wed Apr 25 15:55:34 2018] ...
Fin del informe MEDIOS_ACTUALES [Wed Apr 25 15:55:39 2018].

Arrancando el informe MEDIOS_ACTUALES [Wed Apr 25 16:00:45 2018] ...
Fin del informe MEDIOS_ACTUALES [Wed Apr 25 16:00:50 2018].

Arrancando el informe CIERRE [Wed Apr 25 16:00:57 2018] ...
Fin del informe CIERRE [Wed Apr 25 16:01:02 2018].

Arrancando el informe MEDIOS_ACTUALES [Wed Apr 25 16:11:39 2018] ...
Fin del informe MEDIOS_ACTUALES [Wed Apr 25 16:11:44 2018].

Arrancando el informe SALIDA [Thu Apr 26 14:00:34 2018] ...
Fin del informe SALIDA [Thu Apr 26 14:00:39 2018].

Arrancando el informe SALIDA [Sun Apr 29 17:18:02 2018] ...
Fin del informe SALIDA [Sun Apr 29 17:18:06 2018].

Arrancando el informe ENTRADA [Sun Apr 29 17:20:40 2018] ...
Fin del informe ENTRADA [Sun Apr 29 17:20:44 2018].

Arrancando el informe SALIDA [Sun Apr 29 17:21:43 2018] ...
Fin del informe SALIDA [Sun Apr 29 17:21:53 2018].

Arrancando el informe ENTRADA [Sun Apr 29 20:14:54 2018] ...
Fin del informe ENTRADA [Sun Apr 29 20:14:59 2018].

Arrancando el informe SALIDA [Sun Apr 29 20:16:00 2018] ...
Fin del informe SALIDA [Sun Apr 29 20:16:07 2018].

Arrancando el informe CIERRE [Sun Apr 29 21:15:42 2018] ...
Fin del informe CIERRE [Sun Apr 29 21:15:47 2018].

Arrancando el informe REPORTES_CIERRES [Sun Apr 29 21:59:55 2018] ...
Fin del informe REPORTES_CIERRES [Sun Apr 29 22:00:01 2018].

Arrancando el informe REPORTES_USUARIO [Sun Apr 29 23:46:16 2018] ...
Fin del informe REPORTES_USUARIO [Sun Apr 29 23:46:23 2018].

Arrancando el informe REPORTES_USUARIO [Mon Apr 30 00:23:07 2018] ...
Fin del informe REPORTES_USUARIO [Mon Apr 30 00:23:12 2018].

Arrancando el informe REPORTES_USUARIO [Mon Apr 30 00:25:07 2018] ...
Fin del informe REPORTES_USUARIO [Mon Apr 30 00:25:12 2018].

Arrancando el informe REPORTES_USUARIO_PDF [Mon Apr 30 15:37:47 2018] ...
REP-0110: No se puede abrir el fichero 'C:\Parqueo\Reportes\REPORTES_USUARIO_PDF.RDF'.
REP-1070: Error al abrir o guardar un documento.
REP-0110: No se puede abrir el fichero 'C:\Parqueo\Reportes\REPORTES_USUARIO_PDF.RDF'.
Fin del informe REPORTES_USUARIO_PDF [Mon Apr 30 15:37:47 2018].

Arrancando el informe REPORTES_USUARIO [Mon Apr 30 15:39:13 2018] ...
Fin del informe REPORTES_USUARIO [Mon Apr 30 15:39:18 2018].

Arrancando el informe REPORTES_USUARIO [Mon Apr 30 15:39:24 2018] ...
Fin del informe REPORTES_USUARIO [Mon Apr 30 15:40:12 2018].

Arrancando el informe REPORTES_USUARIO [Mon Apr 30 15:40:16 2018] ...
Fin del informe REPORTES_USUARIO [Mon Apr 30 15:40:28 2018].

Arrancando el informe REPORTES_USUARIO [Mon Apr 30 15:40:34 2018] ...
Fin del informe REPORTES_USUARIO [Mon Apr 30 15:40:45 2018].

Arrancando el informe REPORTES_USUARIO [Mon Apr 30 15:40:51 2018] ...
Fin del informe REPORTES_USUARIO [Mon Apr 30 15:41:18 2018].

Arrancando el informe ENTRADA [Mon Apr 30 16:16:23 2018] ...
Fin del informe ENTRADA [Mon Apr 30 16:16:46 2018].

Arrancando el informe ENTRADA [Mon Apr 30 16:17:37 2018] ...
Fin del informe ENTRADA [Mon Apr 30 16:18:04 2018].

Arrancando el informe ENTRADA [Mon Apr 30 16:20:15 2018] ...
Fin del informe ENTRADA [Mon Apr 30 16:20:29 2018].

Arrancando el informe ENTRADA [Mon Apr 30 16:20:39 2018] ...
Fin del informe ENTRADA [Mon Apr 30 16:21:18 2018].

Arrancando el informe MEDIOS_ACTUALES [Mon Apr 30 16:56:36 2018] ...
Fin del informe MEDIOS_ACTUALES [Mon Apr 30 16:57:05 2018].

Arrancando el informe SALIDA [Mon Apr 30 22:24:10 2018] ...
Fin del informe SALIDA [Mon Apr 30 22:24:18 2018].

Arrancando el informe REPORTES_CIERRES_RANGOS_PDF [Thu May 03 20:22:06 2018] ..ﬂƒ
Å|›
Fin del informe REPORTES_CIERRES_RANGOS_PDF [Thu May 03 20:22:26 2018].

Arrancando el informe CIERRE [Tue May 08 22:31:17 2018] ...
Fin del informe CIERRE [Tue May 08 22:31:23 2018].

Arrancando el informe CIERRE [Tue May 08 22:32:38 2018] ...
Fin del informe CIERRE [Tue May 08 22:33:07 2018].

Arrancando el informe SALIDA [Tue May 08 22:34:31 2018] ...
Fin del informe SALIDA [Tue May 08 22:34:36 2018].

Arrancando el informe CIERRE [Tue May 08 23:01:46 2018] ...
Fin del informe CIERRE [Tue May 08 23:01:50 2018].

Arrancando el informe CIERRE [Tue May 08 23:03:21 2018] ...
Fin del informe CIERRE [Tue May 08 23:03:54 2018].

Arrancando el informe MEDIOS_ACTUALES [Tue May 08 23:03:55 2018] ...
Fin del informe MEDIOS_ACTUALES [Tue May 08 23:04:17 2018].

Arrancando el informe CIERRE [Tue May 08 23:04:23 2018] ...
Fin del informe CIERRE [Tue May 08 23:04:27 2018].

Arrancando el informe CIERRE [Tue May 08 23:09:06 2018] ...
Fin del informe CIERRE [Tue May 08 23:09:10 2018].

Arrancando el informe REPORTES_CIERRES_PDF [Wed May 09 11:00:30 2018] ...
Fin del informe REPORTES_CIERRES_PDF [Wed May 09 11:01:08 2018].

Arrancando el informe REPORTES_CIERRES_RANGOS_PDF [Wed May 09 11:01:19 2018] ..á≥5l
Fin del informe REPORTES_CIERRES_RANGOS_PDF [Wed May 09 11:01:35 2018].

Arrancando el informe REPORTES_USUARIO_PDF [Wed May 09 11:02:10 2018] ...
Fin del informe REPORTES_USUARIO_PDF [Wed May 09 11:02:47 2018].

Arrancando el informe REPORTES_CIERRES_PDF [Wed May 09 11:03:10 2018] ...
Fin del informe REPORTES_CIERRES_PDF [Wed May 09 11:04:25 2018].

Arrancando el informe REPORTES_CIERRES [Wed May 09 11:04:38 2018] ...
Fin del informe REPORTES_CIERRES [Wed May 09 11:04:43 2018].

Arrancando el informe REPORTES_CIERRES_PDF [Wed May 09 17:16:09 2018] ...
Fin del informe REPORTES_CIERRES_PDF [Wed May 09 17:17:06 2018].

Arrancando el informe REPORTES_CIERRES_RANGOS [Wed May 09 17:19:23 2018] ...
Fin del informe REPORTES_CIERRES_RANGOS [Wed May 09 17:19:27 2018].

Arrancando el informe REPORTES_USUARIO_PDF [Wed May 09 17:20:11 2018] ...
Fin del informe REPORTES_USUARIO_PDF [Wed May 09 17:20:42 2018].

Arrancando el informe REPORTES_CIERRES_PDF [Thu May 10 12:48:08 2018] ...
Fin del informe REPORTES_CIERRES_PDF [Thu May 10 12:48:20 2018].

Arrancando el informe REPORTES_USUARIO_PDF [Thu May 10 12:49:02 2018] ...
Fin del informe REPORTES_USUARIO_PDF [Thu May 10 12:49:17 2018].

Arrancando el informe SALIDA [Thu May 10 12:49:44 2018] ...
Fin del informe SALIDA [Thu May 10 12:49:53 2018].

Arrancando el informe REPORTES_USUARIO_PDF [Thu May 10 12:50:14 2018] ...
Fin del informe REPORTES_USUARIO_PDF [Thu May 10 12:50:31 2018].

Arrancando el informe REPORTES_CIERRES_RANGOS [Thu May 10 12:51:10 2018] ...
Fin del informe REPORTES_CIERRES_RANGOS [Thu May 10 12:51:16 2018].

Arrancando el informe REPORTES_CIERRES_PDF [Thu May 10 12:54:58 2018] ...
Fin del informe REPORTES_CIERRES_PDF [Thu May 10 12:56:46 2018].

Arrancando el informe REPORTES_CIERRES_RANGOS [Thu May 10 12:56:57 2018] ...
Fin del informe REPORTES_CIERRES_RANGOS [Thu May 10 12:57:01 2018].

Arrancando el informe REPORTES_CIERRES_RANGOS_PDF [Thu May 10 13:00:13 2018] ...
Fin del informe REPORTES_CIERRES_RANGOS_PDF [Thu May 10 13:00:25 2018].

Arrancando el informe REPORTES_CIERRES_RANGOS_PDF [Thu May 10 13:00:32 2018] ...
Fin del informe REPORTES_CIERRES_RANGOS_PDF [Thu May 10 13:00:43 2018].

Arrancando el informe REPORTES_CIERRES_RANGOS_PDF [Thu May 10 13:00:51 2018] ...
Fin del informe REPORTES_CIERRES_RANGOS_PDF [Thu May 10 13:01:03 2018].

Arrancando el informe REPORTES_CIERRES_RANGOS_PDF [Thu May 10 13:01:08 2018] ...
Fin del informe REPORTES_CIERRES_RANGOS_PDF [Thu May 10 13:01:19 2018].
